INFO: [VRFC 10-2263] Analyzing SystemVerilog file "D:/Github/tt10-multiplier_UART_SPI/src/csa_1_4bit.sv" into library xil_defaultlib
INFO: [VRFC 10-311] analyzing module csa_1_4bit
INFO: [VRFC 10-2263] Analyzing SystemVerilog file "D:/Github/tt10-multiplier_UART_SPI/src/csa_1_8bit.sv" into library xil_defaultlib
INFO: [VRFC 10-311] analyzing module csa_1_8bit
INFO: [VRFC 10-2263] Analyzing SystemVerilog file "D:/Github/tt10-multiplier_UART_SPI/src/csa_2_4bit.sv" into library xil_defaultlib
INFO: [VRFC 10-311] analyzing module csa_2_4bit
INFO: [VRFC 10-2263] Analyzing SystemVerilog file "D:/Github/tt10-multiplier_UART_SPI/src/csa_2_8bit.sv" into library xil_defaultlib
INFO: [VRFC 10-311] analyzing module csa_2_8bit
INFO: [VRFC 10-2263] Analyzing SystemVerilog file "D:/Github/tt10-multiplier_UART_SPI/src/fa.sv" into library xil_defaultlib
INFO: [VRFC 10-311] analyzing module fa
INFO: [VRFC 10-2263] Analyzing SystemVerilog file "D:/Github/tt10-multiplier_UART_SPI/src/ha.sv" into library xil_defaultlib
INFO: [VRFC 10-311] analyzing module ha
INFO: [VRFC 10-2263] Analyzing SystemVerilog file "D:/Github/tt10-multiplier_UART_SPI/src/i2bit_mul.sv" into library xil_defaultlib
INFO: [VRFC 10-311] analyzing module i2bit_mul
INFO: [VRFC 10-2263] Analyzing SystemVerilog file "D:/Github/tt10-multiplier_UART_SPI/src/i4bit_mul.sv" into library xil_defaultlib
INFO: [VRFC 10-311] analyzing module i4bit_mul
INFO: [VRFC 10-2263] Analyzing SystemVerilog file "D:/Github/tt10-multiplier_UART_SPI/src/i8bit_mul.sv" into library xil_defaultlib
INFO: [VRFC 10-311] analyzing module i8bit_mul
INFO: [VRFC 10-2263] Analyzing SystemVerilog file "D:/Github/tt10-multiplier_UART_SPI/src/i8bit_mul_interface.sv" into library xil_defaultlib
INFO: [VRFC 10-311] analyzing module i8bit_mul_interface
WARNING: [VRFC 10-2379] empty port in module declaration [D:/Github/tt10-multiplier_UART_SPI/src/i8bit_mul_interface.sv:9]
INFO: [VRFC 10-2263] Analyzing SystemVerilog file "D:/Github/tt10-multiplier_UART_SPI/src/tb_i8bit_mul_interface.sv" into library xil_defaultlib
INFO: [VRFC 10-311] analyzing module tb_i8bit_mul_interface
